<?xml version="1.0" encoding="UTF-8"?>
<testsuite xmlns:xsi="http://www.w3.org/2001/XMLSchema-instance" xsi:noNamespaceSchemaLocation="https://maven.apache.org/surefire/maven-surefire-plugin/xsd/surefire-test-report-3.0.xsd" version="3.0" name="au.com.dovoru.robotclient.RobotControllerClientApplicationTests" time="1.78" tests="7" errors="0" skipped="0" failures="0">
  <properties>
[...]
</properties>
  <testcase name="givenPlacement_whenPlacementOffTable_thenExpectException" classname="au.com.dovoru.robotclient.RobotControllerClientApplicationTests" time="0.658">
    <system-out><![CDATA[14:47:05.263 [main] INFO org.springframework.test.context.support.AnnotationConfigContextLoaderUtils -- Could not detect default configuration classes for test class [au.com.dovoru.robotclient.RobotControllerClientApplicationTests]: RobotControllerClientApplicationTests does not declare any static, non-private, non-final, nested classes annotated with @Configuration.
14:47:05.301 [main] INFO org.springframework.boot.test.context.SpringBootTestContextBootstrapper -- Found @SpringBootConfiguration au.com.dovoru.robotclient.RobotClientApplication for test class au.com.dovoru.robotclient.RobotControllerClientApplicationTests

  .   ____          _            __ _ _
 /\\ / ___'_ __ _ _(_)_ __  __ _ \ \ \ \
( ( )\___ | '_ | '_| | '_ \/ _` | \ \ \ \
 \\/  ___)| |_)| | | | | || (_| |  ) ) ) )
  '  |____| .__|_| |_|_| |_\__, | / / / /
 =========|_|==============|___/=/_/_/_/
 :: Spring Boot ::                (v3.1.3)

2023-09-15T14:47:05.665+10:00  INFO 284451 --- [           main] .r.RobotControllerClientApplicationTests : Starting RobotControllerClientApplicationTests using Java 19.0.2 with PID 284451 (started by stephen in /home/stephen/workspace/robotclient)
2023-09-15T14:47:05.666+10:00  INFO 284451 --- [           main] .r.RobotControllerClientApplicationTests : No active profile set, falling back to 1 default profile: "default"
2023-09-15T14:47:05.677+10:00  INFO 284451 --- [           main] o.s.c.c.c.ConfigServerConfigDataLoader   : Fetching config from server at : http://localhost:8888/
2023-09-15T14:47:05.677+10:00  INFO 284451 --- [           main] o.s.c.c.c.ConfigServerConfigDataLoader   : Located environment: name=robotclient, profiles=[default], label=null, version=null, state=null
2023-09-15T14:47:05.890+10:00  INFO 284451 --- [           main] o.s.cloud.context.scope.GenericScope     : BeanFactory id=98073385-ef48-3efd-a530-2ac114260b9f
2023-09-15T14:47:06.111+10:00  INFO 284451 --- [           main] .r.RobotControllerClientApplicationTests : Started RobotControllerClientApplicationTests in 0.759 seconds (process running for 1.123)
]]></system-out>
  </testcase>
  <testcase name="givenPlacementAndReport_whenPlacementOnTable_thenRobotHasReportedCorrectly" classname="au.com.dovoru.robotclient.RobotControllerClientApplicationTests" time="0.046"/>
  <testcase name="givenPlacementAndLeft_whenPlacementOnTable_thenRobotHasTurnedLeftOnePDirection" classname="au.com.dovoru.robotclient.RobotControllerClientApplicationTests" time="0.034"/>
  <testcase name="givenPlacementAndMove_whenStillOnTable_thenReturnRobot" classname="au.com.dovoru.robotclient.RobotControllerClientApplicationTests" time="0.034"/>
  <testcase name="givenPlacementAndRight_whenPlacementOnTable_thenRobotHasTurnedRightOnePDirection" classname="au.com.dovoru.robotclient.RobotControllerClientApplicationTests" time="0.033"/>
  <testcase name="givenPlacement_whenPlacementOnTable_thenReturnRobot" classname="au.com.dovoru.robotclient.RobotControllerClientApplicationTests" time="0.018"/>
  <testcase name="givenPlacementAndMove_whenMovingOffTheTable_thenIgnoreMove" classname="au.com.dovoru.robotclient.RobotControllerClientApplicationTests" time="0.033"/>
</testsuite>